#! /usr/bin/vvp
:ivl_version "10.3 (stable)";
:ivl_delay_selection "TYPICAL";
:vpi_time_precision + 0;
:vpi_module "system";
:vpi_module "vhdl_sys";
:vpi_module "v2005_math";
:vpi_module "va_math";
S_0x560249308410 .scope module, "Xor" "Xor" 2 1;
 .timescale 0 0;
    .port_info 0 /INPUT 1 "in0"
    .port_info 1 /INPUT 1 "in1"
    .port_info 2 /OUTPUT 1 "out"
o0x7f325c896018 .functor BUFZ 1, C4<z>; HiZ drive
v0x56024931dbe0_0 .net "in0", 0 0, o0x7f325c896018;  0 drivers
o0x7f325c896048 .functor BUFZ 1, C4<z>; HiZ drive
v0x56024931dcd0_0 .net "in1", 0 0, o0x7f325c896048;  0 drivers
v0x56024931ddc0_0 .net "out", 0 0, L_0x56024931ea40;  1 drivers
v0x56024931de60_0 .net "temp0", 0 0, L_0x56024931e1c0;  1 drivers
v0x56024931df50_0 .net "temp1", 0 0, L_0x56024931e2a0;  1 drivers
v0x56024931e090_0 .net "temp2", 0 0, L_0x56024931e750;  1 drivers
S_0x5602493085e0 .scope module, "an0" "And" 2 5, 3 1 0, S_0x560249308410;
 .timescale 0 0;
    .port_info 0 /INPUT 1 "in0"
    .port_info 1 /INPUT 1 "in1"
    .port_info 2 /OUTPUT 1 "out"
L_0x56024931e150 .functor NAND 1, o0x7f325c896018, o0x7f325c896048, C4<1>, C4<1>;
L_0x56024931e1c0 .functor NOT 1, L_0x56024931e150, C4<0>, C4<0>, C4<0>;
v0x560249309070_0 .net "in0", 0 0, o0x7f325c896018;  alias, 0 drivers
v0x56024931bcd0_0 .net "in1", 0 0, o0x7f325c896048;  alias, 0 drivers
v0x56024931bd90_0 .net "out", 0 0, L_0x56024931e1c0;  alias, 1 drivers
v0x56024931be30_0 .net "temp", 0 0, L_0x56024931e150;  1 drivers
S_0x56024931bf70 .scope module, "an1" "And" 2 8, 3 1 0, S_0x560249308410;
 .timescale 0 0;
    .port_info 0 /INPUT 1 "in0"
    .port_info 1 /INPUT 1 "in1"
    .port_info 2 /OUTPUT 1 "out"
L_0x56024931e920 .functor NAND 1, L_0x56024931e2a0, L_0x56024931e750, C4<1>, C4<1>;
L_0x56024931ea40 .functor NOT 1, L_0x56024931e920, C4<0>, C4<0>, C4<0>;
v0x56024931c190_0 .net "in0", 0 0, L_0x56024931e2a0;  alias, 1 drivers
v0x56024931c270_0 .net "in1", 0 0, L_0x56024931e750;  alias, 1 drivers
v0x56024931c330_0 .net "out", 0 0, L_0x56024931ea40;  alias, 1 drivers
v0x56024931c400_0 .net "temp", 0 0, L_0x56024931e920;  1 drivers
S_0x56024931c540 .scope module, "no0" "Not" 2 6, 4 1 0, S_0x560249308410;
 .timescale 0 0;
    .port_info 0 /INPUT 1 "in"
    .port_info 1 /OUTPUT 1 "out"
L_0x56024931e2a0 .functor NAND 1, L_0x56024931e1c0, L_0x56024931e1c0, C4<1>, C4<1>;
v0x56024931c740_0 .net "in", 0 0, L_0x56024931e1c0;  alias, 1 drivers
v0x56024931c810_0 .net "out", 0 0, L_0x56024931e2a0;  alias, 1 drivers
S_0x56024931c900 .scope module, "or0" "Or" 2 7, 5 1 0, S_0x560249308410;
 .timescale 0 0;
    .port_info 0 /INPUT 1 "in0"
    .port_info 1 /INPUT 1 "in1"
    .port_info 2 /OUTPUT 1 "out"
L_0x7f325c84d018 .functor BUFT 1, C4<1>, C4<0>, C4<0>, C4<0>;
L_0x56024931e350 .functor NAND 1, o0x7f325c896018, L_0x7f325c84d018, C4<1>, C4<1>;
L_0x7f325c84d060 .functor BUFT 1, C4<1>, C4<0>, C4<0>, C4<0>;
L_0x56024931e490 .functor NAND 1, o0x7f325c896048, L_0x7f325c84d060, C4<1>, C4<1>;
v0x56024931d4e0_0 .net/2u *"_s0", 0 0, L_0x7f325c84d018;  1 drivers
v0x56024931d5c0_0 .net/2u *"_s2", 0 0, L_0x7f325c84d060;  1 drivers
v0x56024931d6a0_0 .net "in0", 0 0, o0x7f325c896018;  alias, 0 drivers
v0x56024931d7a0_0 .net "in1", 0 0, o0x7f325c896048;  alias, 0 drivers
v0x56024931d870_0 .net "out", 0 0, L_0x56024931e750;  alias, 1 drivers
v0x56024931d9b0_0 .net "temp0", 0 0, L_0x56024931e350;  1 drivers
v0x56024931da50_0 .net "temp1", 0 0, L_0x56024931e490;  1 drivers
v0x56024931daf0_0 .net "temp2", 0 0, L_0x56024931e670;  1 drivers
S_0x56024931cb20 .scope module, "an0" "And" 5 8, 3 1 0, S_0x56024931c900;
 .timescale 0 0;
    .port_info 0 /INPUT 1 "in0"
    .port_info 1 /INPUT 1 "in1"
    .port_info 2 /OUTPUT 1 "out"
L_0x56024931e600 .functor NAND 1, L_0x56024931e350, L_0x56024931e490, C4<1>, C4<1>;
L_0x56024931e670 .functor NOT 1, L_0x56024931e600, C4<0>, C4<0>, C4<0>;
v0x56024931cd80_0 .net "in0", 0 0, L_0x56024931e350;  alias, 1 drivers
v0x56024931ce60_0 .net "in1", 0 0, L_0x56024931e490;  alias, 1 drivers
v0x56024931cf20_0 .net "out", 0 0, L_0x56024931e670;  alias, 1 drivers
v0x56024931cff0_0 .net "temp", 0 0, L_0x56024931e600;  1 drivers
S_0x56024931d130 .scope module, "nt0" "Not" 5 9, 4 1 0, S_0x56024931c900;
 .timescale 0 0;
    .port_info 0 /INPUT 1 "in"
    .port_info 1 /OUTPUT 1 "out"
L_0x56024931e750 .functor NAND 1, L_0x56024931e670, L_0x56024931e670, C4<1>, C4<1>;
v0x56024931d300_0 .net "in", 0 0, L_0x56024931e670;  alias, 1 drivers
v0x56024931d3f0_0 .net "out", 0 0, L_0x56024931e750;  alias, 1 drivers
# The file index is used to find the file name in the following table.
:file_names 6;
    "N/A";
    "<interactive>";
    "Xor.v";
    "And.v";
    "Not.v";
    "Or.v";
